TN:
SF:/Users/zakangelle/Sites/react-password-mask/src/index.js
FN:48,PasswordMask
FN:127,onFocus
FN:143,onFocus
FN:152,onMouseDown
FN:153,onClick
FNF:5
FNH:1
FNDA:1,PasswordMask
FNDA:0,onFocus
FNDA:0,onFocus
FNDA:0,onMouseDown
FNDA:0,onClick
DA:1,1
DA:3,1
DA:19,1
DA:23,1
DA:28,1
DA:48,3
DA:51,1
DA:57,0
DA:58,0
DA:60,0
DA:61,0
DA:64,0
DA:65,0
DA:68,0
DA:69,0
DA:70,0
DA:74,0
DA:75,0
DA:81,0
DA:82,0
DA:84,0
DA:88,0
DA:90,0
DA:91,0
DA:95,0
DA:96,0
DA:98,0
DA:100,0
DA:105,0
DA:106,0
DA:109,6
DA:110,1
DA:112,1
DA:127,0
DA:143,0
DA:152,0
DA:154,0
DA:155,0
LF:38
LH:10
BRDA:48,0,0,1
BRDA:48,0,1,0
BRDA:60,1,0,0
BRDA:60,1,1,0
BRDA:60,2,0,0
BRDA:60,2,1,0
BRDA:60,2,2,0
BRDA:64,3,0,0
BRDA:64,3,1,0
BRDA:68,4,0,0
BRDA:68,4,1,0
BRDA:69,5,0,0
BRDA:69,5,1,0
BRDA:74,6,0,0
BRDA:74,6,1,0
BRDA:82,7,0,0
BRDA:82,7,1,0
BRDA:90,8,0,0
BRDA:90,8,1,0
BRDA:98,9,0,0
BRDA:98,9,1,0
BRDA:98,10,0,0
BRDA:98,10,1,0
BRDA:98,10,2,0
BRDA:118,11,0,0
BRDA:118,11,1,1
BRDA:123,12,0,0
BRDA:123,12,1,1
BRDA:124,13,0,0
BRDA:124,13,1,1
BRDA:134,14,0,0
BRDA:134,14,1,1
BRDA:139,15,0,1
BRDA:139,15,1,0
BRDA:140,16,0,1
BRDA:140,16,1,0
BRDA:158,17,0,0
BRDA:158,17,1,1
BRF:38
BRH:8
end_of_record
